# JRE version: OpenJDK Runtime Environment Temurin-17.0.11+9 (17.0.11+9) (build 17.0.11+9)
# Java VM: OpenJDK 64-Bit Server VM Temurin-17.0.11+9 (17.0.11+9, mixed mode, emulated-client, sharing, tiered, compressed oops, compressed class ptrs, g1 gc, windows-amd64)
GC Precious Log:
 CPUs: 8 total, 8 available
 Memory: 40739M
 Large Page Support: Disabled
 NUMA Support: Disabled
 Compressed Oops: Enabled (Zero based)
 Heap Region Size: 8M
 Heap Min Capacity: 8M
 Heap Initial Capacity: 640M
 Heap Max Capacity: 10192M
 Pre-touch: Disabled
 Parallel Workers: 8
 Concurrent Workers: 2
 Concurrent Refinement Workers: 8
 Periodic GC: Disabled
Heap:
 garbage-first heap   total 221184K, used 130933K [0x0000000583000000, 0x0000000800000000)
  region size 8192K, 9 young (73728K), 1 survivors (8192K)
 Metaspace       used 114033K, committed 114880K, reserved 1179648K
  class space    used 16516K, committed 16896K, reserved 1048576K
GC Heap History (20 events):
Event: 2115.747 GC heap after
{Heap after GC invocations=27 (full 0):
 garbage-first heap   total 221184K, used 70836K [0x0000000583000000, 0x0000000800000000)
  region size 8192K, 1 young (8192K), 1 survivors (8192K)
 Metaspace       used 113745K, committed 114496K, reserved 1179648K
  class space    used 16447K, committed 16832K, reserved 1048576K
}
Event: 3676.852 GC heap before
{Heap before GC invocations=27 (full 0):
 garbage-first heap   total 221184K, used 169140K [0x0000000583000000, 0x0000000800000000)
  region size 8192K, 13 young (106496K), 1 survivors (8192K)
 Metaspace       used 113765K, committed 114496K, reserved 1179648K
  class space    used 16451K, committed 16832K, reserved 1048576K
}
Event: 3676.866 GC heap after
{Heap after GC invocations=28 (full 0):
 garbage-first heap   total 221184K, used 70138K [0x0000000583000000, 0x0000000800000000)
  region size 8192K, 1 young (8192K), 1 survivors (8192K)
 Metaspace       used 113765K, committed 114496K, reserved 1179648K
  class space    used 16451K, committed 16832K, reserved 1048576K
}
Event: 5410.881 GC heap before
{Heap before GC invocations=28 (full 0):
 garbage-first heap   total 221184K, used 176634K [0x0000000583000000, 0x0000000800000000)
  region size 8192K, 14 young (114688K), 1 survivors (8192K)
 Metaspace       used 113765K, committed 114496K, reserved 1179648K
  class space    used 16451K, committed 16832K, reserved 1048576K
}
Event: 5410.896 GC heap after
{Heap after GC invocations=29 (full 0):
 garbage-first heap   total 221184K, used 70427K [0x0000000583000000, 0x0000000800000000)
  region size 8192K, 1 young (8192K), 1 survivors (8192K)
 Metaspace       used 113765K, committed 114496K, reserved 1179648K
  class space    used 16451K, committed 16832K, reserved 1048576K
}
Event: 7116.971 GC heap before
{Heap before GC invocations=29 (full 0):
 garbage-first heap   total 221184K, used 176923K [0x0000000583000000, 0x0000000800000000)
  region size 8192K, 14 young (114688K), 1 survivors (8192K)
 Metaspace       used 113766K, committed 114496K, reserved 1179648K
  class space    used 16451K, committed 16832K, reserved 1048576K
}
Event: 7116.980 GC heap after
{Heap after GC invocations=30 (full 0):
 garbage-first heap   total 221184K, used 70315K [0x0000000583000000, 0x0000000800000000)
  region size 8192K, 1 young (8192K), 1 survivors (8192K)
 Metaspace       used 113766K, committed 114496K, reserved 1179648K
  class space    used 16451K, committed 16832K, reserved 1048576K
}
Event: 8800.330 GC heap before
{Heap before GC invocations=30 (full 0):
 garbage-first heap   total 221184K, used 176811K [0x0000000583000000, 0x0000000800000000)
  region size 8192K, 14 young (114688K), 1 survivors (8192K)
 Metaspace       used 113766K, committed 114496K, reserved 1179648K
  class space    used 16451K, committed 16832K, reserved 1048576K
}
Event: 8800.337 GC heap after
{Heap after GC invocations=31 (full 0):
 garbage-first heap   total 221184K, used 70128K [0x0000000583000000, 0x0000000800000000)
  region size 8192K, 1 young (8192K), 1 survivors (8192K)
 Metaspace       used 113766K, committed 114496K, reserved 1179648K
  class space    used 16451K, committed 16832K, reserved 1048576K
}
Event: 10580.342 GC heap before
{Heap before GC invocations=31 (full 0):
 garbage-first heap   total 221184K, used 184816K [0x0000000583000000, 0x0000000800000000)
  region size 8192K, 15 young (122880K), 1 survivors (8192K)
 Metaspace       used 113766K, committed 114496K, reserved 1179648K
  class space    used 16451K, committed 16832K, reserved 1048576K
}
Event: 10580.348 GC heap after
{Heap after GC invocations=32 (full 0):
 garbage-first heap   total 221184K, used 70230K [0x0000000583000000, 0x0000000800000000)
  region size 8192K, 1 young (8192K), 1 survivors (8192K)
 Metaspace       used 113766K, committed 114496K, reserved 1179648K
  class space    used 16451K, committed 16832K, reserved 1048576K
}
Event: 12452.174 GC heap before
{Heap before GC invocations=32 (full 0):
 garbage-first heap   total 221184K, used 184918K [0x0000000583000000, 0x0000000800000000)
  region size 8192K, 15 young (122880K), 1 survivors (8192K)
 Metaspace       used 113766K, committed 114496K, reserved 1179648K
  class space    used 16451K, committed 16832K, reserved 1048576K
}
Event: 12452.190 GC heap after
{Heap after GC invocations=33 (full 0):
 garbage-first heap   total 221184K, used 70342K [0x0000000583000000, 0x0000000800000000)
  region size 8192K, 1 young (8192K), 1 survivors (8192K)
 Metaspace       used 113766K, committed 114496K, reserved 1179648K
  class space    used 16451K, committed 16832K, reserved 1048576K
}
Event: 14219.986 GC heap before
{Heap before GC invocations=33 (full 0):
 garbage-first heap   total 221184K, used 185030K [0x0000000583000000, 0x0000000800000000)
  region size 8192K, 15 young (122880K), 1 survivors (8192K)
 Metaspace       used 113766K, committed 114496K, reserved 1179648K
  class space    used 16451K, committed 16832K, reserved 1048576K
}
Event: 14220.003 GC heap after
{Heap after GC invocations=34 (full 0):
 garbage-first heap   total 221184K, used 70303K [0x0000000583000000, 0x0000000800000000)
  region size 8192K, 1 young (8192K), 1 survivors (8192K)
 Metaspace       used 113766K, committed 114496K, reserved 1179648K
  class space    used 16451K, committed 16832K, reserved 1048576K
}
Event: 16051.853 GC heap before
{Heap before GC invocations=34 (full 0):
 garbage-first heap   total 221184K, used 184991K [0x0000000583000000, 0x0000000800000000)
  region size 8192K, 15 young (122880K), 1 survivors (8192K)
 Metaspace       used 113766K, committed 114496K, reserved 1179648K
  class space    used 16451K, committed 16832K, reserved 1048576K
}
Event: 16051.860 GC heap after
{Heap after GC invocations=35 (full 0):
 garbage-first heap   total 221184K, used 70328K [0x0000000583000000, 0x0000000800000000)
  region size 8192K, 1 young (8192K), 1 survivors (8192K)
 Metaspace       used 113766K, committed 114496K, reserved 1179648K
  class space    used 16451K, committed 16832K, reserved 1048576K
}
Event: 17855.907 GC heap before
{Heap before GC invocations=35 (full 0):
 garbage-first heap   total 221184K, used 185016K [0x0000000583000000, 0x0000000800000000)
  region size 8192K, 15 young (122880K), 1 survivors (8192K)
 Metaspace       used 113766K, committed 114496K, reserved 1179648K
  class space    used 16451K, committed 16832K, reserved 1048576K
}
Event: 17855.920 GC heap after
{Heap after GC invocations=36 (full 0):
 garbage-first heap   total 221184K, used 70078K [0x0000000583000000, 0x0000000800000000)
  region size 8192K, 1 young (8192K), 1 survivors (8192K)
 Metaspace       used 113766K, committed 114496K, reserved 1179648K
  class space    used 16451K, committed 16832K, reserved 1048576K
}
Event: 18567.236 GC heap before
{Heap before GC invocations=36 (full 0):
 garbage-first heap   total 221184K, used 127422K [0x0000000583000000, 0x0000000800000000)
  region size 8192K, 9 young (73728K), 1 survivors (8192K)
 Metaspace       used 114033K, committed 114880K, reserved 1179648K
  class space    used 16516K, committed 16896K, reserved 1048576K
}

